<?xml version="1.0" encoding="UTF-8"?>
<!-- Generated by org.testng.reporters.JUnitXMLReporter -->
<testsuite ignored="6" hostname="DESKTOP-TAKCJM8" failures="0" tests="20" name="Test" time="3.566" errors="0" timestamp="2023-01-29T12:13:49 EST">
  <testcase classname="com.api.testng.framework.API_CIRD_Function_Test_Read" name="checkDataFormat" time="0.008"/>
  <testcase classname="com.api.testng.framework.API_CIRD_Function_Test_Read" name="checkResponseBodyNull_OR_Not" time="0.001"/>
  <testcase classname="com.api.testng.framework.API_CIRD_Function_Test_Read" name="getResponseTime" time="0.002"/>
  <testcase classname="com.api.testng.framework.API_CIRD_Function_Test_Read" name="getStatusCode" time="0.002"/>
  <testcase classname="com.api.testng.framework.API_CIRD_Function_Test_Create" name="checkAttributePresentOR_Not" time="0.002"/>
  <testcase classname="com.api.testng.framework.API_CIRD_Function_Test_Create" name="checkDataFormat" time="0.001"/>
  <testcase classname="com.api.testng.framework.API_CIRD_Function_Test_Create" name="checkResponseBodyNull_OR_Not" time="0.002"/>
  <testcase classname="com.api.testng.framework.API_CIRD_Function_Test_Create" name="checkValuet" time="0.608"/>
  <testcase classname="com.api.testng.framework.API_CIRD_Function_Test_Create" name="getResponseTime" time="0.0"/>
  <testcase classname="com.api.testng.framework.API_CIRD_Function_Test_Create" name="getStatusCode" time="0.001"/>
  <testcase classname="com.api.testng.framework.API_CIRD_Function_Test_Update" name="checkAttributePresentOR_Not" time="0.002"/>
  <testcase classname="com.api.testng.framework.API_CIRD_Function_Test_Update" name="checkDataFormat" time="0.001"/>
  <testcase classname="com.api.testng.framework.API_CIRD_Function_Test_Update" name="checkResponseBodyNull_OR_Not" time="0.001"/>
  <testcase classname="com.api.testng.framework.API_CIRD_Function_Test_Update" name="checkValue" time="0.033"/>
  <testcase classname="com.api.testng.framework.API_CIRD_Function_Test_Update" name="getResponseTime" time="0.001"/>
  <testcase classname="com.api.testng.framework.API_CIRD_Function_Test_Update" name="getStatusCode" time="0.001"/>
  <testcase classname="com.api.testng.framework.API_CIRD_Function_Test_Delete" name="checkDataFormat" time="0.002"/>
  <testcase classname="com.api.testng.framework.API_CIRD_Function_Test_Delete" name="checkResponseBodyNull_OR_Not" time="0.001"/>
  <testcase classname="com.api.testng.framework.API_CIRD_Function_Test_Delete" name="getResponseTime" time="0.001"/>
  <testcase classname="com.api.testng.framework.API_CIRD_Function_Test_Delete" name="getStatusCode" time="0.001"/>
  <testcase classname="com.report.ExtentReportAutomation" name="@BeforeTest before" time="0.0">
    <ignored/>
  </testcase> <!-- @BeforeTest before -->
  <testcase classname="com.report.ExtentReportAutomation" name="@BeforeTest before" time="0.0">
    <ignored/>
  </testcase> <!-- @BeforeTest before -->
  <testcase classname="com.report.ExtentReportAutomation" name="@BeforeTest before" time="0.0">
    <ignored/>
  </testcase> <!-- @BeforeTest before -->
  <testcase classname="com.report.ExtentReportAutomation" name="@AfterTest sfterSuite" time="0.0">
    <ignored/>
  </testcase> <!-- @AfterTest sfterSuite -->
  <testcase classname="com.report.ExtentReportAutomation" name="@AfterTest sfterSuite" time="0.0">
    <ignored/>
  </testcase> <!-- @AfterTest sfterSuite -->
  <testcase classname="com.report.ExtentReportAutomation" name="@AfterTest sfterSuite" time="0.0">
    <ignored/>
  </testcase> <!-- @AfterTest sfterSuite -->
</testsuite> <!-- Test -->
