<?xml version="1.0" encoding="UTF-8"?>
<testng-results ignored="0" total="2" passed="2" failed="0" skipped="0">
  <reporter-output>
  </reporter-output>
  <suite started-at="2023-01-29T17:40:24 EST" name="Default suite" finished-at="2023-01-29T17:40:29 EST" duration-ms="4751">
    <groups>
      <group name="cucumber">
        <method signature="AbstractTestNGCucumberTests.runScenario(io.cucumber.testng.PickleEventWrapper,io.cucumber.testng.CucumberFeatureWrapper)[pri:0, instance:com.test.cucumber.Runner@209da20d]" name="runScenario" class="io.cucumber.testng.AbstractTestNGCucumberTests"/>
      </group> <!-- cucumber -->
    </groups>
    <test started-at="2023-01-29T17:40:24 EST" name="Default test" finished-at="2023-01-29T17:40:29 EST" duration-ms="4751">
      <class name="com.test.cucumber.Runner">
        <test-method is-config="true" signature="setUpClass()[pri:0, instance:com.test.cucumber.Runner@209da20d]" started-at="2023-01-29T17:40:24 EST" name="setUpClass" finished-at="2023-01-29T17:40:24 EST" duration-ms="143" status="PASS">
          <reporter-output>
          </reporter-output>
        </test-method> <!-- setUpClass -->
        <test-method signature="runScenario(io.cucumber.testng.PickleEventWrapper,io.cucumber.testng.CucumberFeatureWrapper)[pri:0, instance:com.test.cucumber.Runner@209da20d]" started-at="2023-01-29T17:40:24 EST" name="runScenario" description="Runs Cucumber Scenarios" data-provider="scenarios" finished-at="2023-01-29T17:40:27 EST" duration-ms="3010" status="PASS">
          <params>
            <param index="0">
              <value>
                <![CDATA["As a Green Cart user, need to get data with API"]]>
              </value>
            </param>
            <param index="1">
              <value>
                <![CDATA["Read data with API"]]>
              </value>
            </param>
          </params>
          <reporter-output>
          </reporter-output>
        </test-method> <!-- runScenario -->
        <test-method signature="runScenario(io.cucumber.testng.PickleEventWrapper,io.cucumber.testng.CucumberFeatureWrapper)[pri:0, instance:com.test.cucumber.Runner@209da20d]" started-at="2023-01-29T17:40:27 EST" name="runScenario" description="Runs Cucumber Scenarios" data-provider="scenarios" finished-at="2023-01-29T17:40:29 EST" duration-ms="1309" status="PASS">
          <params>
            <param index="0">
              <value>
                <![CDATA["As a Green Cart user, need to create data with API"]]>
              </value>
            </param>
            <param index="1">
              <value>
                <![CDATA["Read data with API"]]>
              </value>
            </param>
          </params>
          <reporter-output>
          </reporter-output>
        </test-method> <!-- runScenario -->
        <test-method is-config="true" signature="tearDownClass()[pri:0, instance:com.test.cucumber.Runner@209da20d]" started-at="2023-01-29T17:40:29 EST" name="tearDownClass" finished-at="2023-01-29T17:40:29 EST" duration-ms="121" status="PASS">
          <reporter-output>
          </reporter-output>
        </test-method> <!-- tearDownClass -->
      </class> <!-- com.test.cucumber.Runner -->
    </test> <!-- Default test -->
  </suite> <!-- Default suite -->
</testng-results>
